Replace Part C1 C in E:\电路设计\AD\MAX274\MAX274-S.SchDoc with C from IL.SchLib
Replace Part C2 C in E:\电路设计\AD\MAX274\MAX274-S.SchDoc with C from IL.SchLib
Replace Part C3 C in E:\电路设计\AD\MAX274\MAX274-S.SchDoc with C from IL.SchLib
Replace Part C4 C in E:\电路设计\AD\MAX274\MAX274-S.SchDoc with C from IL.SchLib
Replace Part C5 C in E:\电路设计\AD\MAX274\MAX274-S.SchDoc with C from IL.SchLib
Replace Part C6 C in E:\电路设计\AD\MAX274\MAX274-S.SchDoc with C from IL.SchLib
Replace Part C7 C in E:\电路设计\AD\MAX274\MAX274-S.SchDoc with C from IL.SchLib
Replace Part C8 C in E:\电路设计\AD\MAX274\MAX274-S.SchDoc with C from IL.SchLib
Replace Part C9 C in E:\电路设计\AD\MAX274\MAX274-S.SchDoc with C from IL.SchLib
Replace Part C10 C in E:\电路设计\AD\MAX274\MAX274-S.SchDoc with C from IL.SchLib
Replace Part JP1 SMA in E:\电路设计\AD\MAX274\MAX274-S.SchDoc with SMA from IL.SchLib
Replace Part JP2 SMA in E:\电路设计\AD\MAX274\MAX274-S.SchDoc with SMA from IL.SchLib
Replace Part Jump1 JumpPad in E:\电路设计\AD\MAX274\MAX274-S.SchDoc with JumpPad from IL.SchLib
Replace Part Jump2 JumpPad in E:\电路设计\AD\MAX274\MAX274-S.SchDoc with JumpPad from IL.SchLib
Replace Part Jump3 JumpPad in E:\电路设计\AD\MAX274\MAX274-S.SchDoc with JumpPad from IL.SchLib
Replace Part Jump4 JumpPad in E:\电路设计\AD\MAX274\MAX274-S.SchDoc with JumpPad from IL.SchLib
Replace Part Jump5 JumpPad in E:\电路设计\AD\MAX274\MAX274-S.SchDoc with JumpPad from IL.SchLib
Replace Part Jump6 JumpPad in E:\电路设计\AD\MAX274\MAX274-S.SchDoc with JumpPad from IL.SchLib
Replace Part Jump7 JumpPad in E:\电路设计\AD\MAX274\MAX274-S.SchDoc with JumpPad from IL.SchLib
Replace Part Jump8 JumpPad in E:\电路设计\AD\MAX274\MAX274-S.SchDoc with JumpPad from IL.SchLib
Replace Part Jump9 JumpPad in E:\电路设计\AD\MAX274\MAX274-S.SchDoc with JumpPad from IL.SchLib
Replace Part Jump10 JumpPad in E:\电路设计\AD\MAX274\MAX274-S.SchDoc with JumpPad from IL.SchLib
Replace Part Jump11 JumpPad in E:\电路设计\AD\MAX274\MAX274-S.SchDoc with JumpPad from IL.SchLib
Replace Part Jump12 JumpPad in E:\电路设计\AD\MAX274\MAX274-S.SchDoc with JumpPad from IL.SchLib
Replace Part Jump13 JumpPad in E:\电路设计\AD\MAX274\MAX274-S.SchDoc with JumpPad from IL.SchLib
Replace Part R11 R in E:\电路设计\AD\MAX274\MAX274-S.SchDoc with R from IL.SchLib
Replace Part R12 R in E:\电路设计\AD\MAX274\MAX274-S.SchDoc with R from IL.SchLib
Replace Part R13 R in E:\电路设计\AD\MAX274\MAX274-S.SchDoc with R from IL.SchLib
Replace Part R14 R in E:\电路设计\AD\MAX274\MAX274-S.SchDoc with R from IL.SchLib
Replace Part R21 R in E:\电路设计\AD\MAX274\MAX274-S.SchDoc with R from IL.SchLib
Replace Part R22 R in E:\电路设计\AD\MAX274\MAX274-S.SchDoc with R from IL.SchLib
Replace Part R23 R in E:\电路设计\AD\MAX274\MAX274-S.SchDoc with R from IL.SchLib
Replace Part R24 R in E:\电路设计\AD\MAX274\MAX274-S.SchDoc with R from IL.SchLib
Replace Part R31 R in E:\电路设计\AD\MAX274\MAX274-S.SchDoc with R from IL.SchLib
Replace Part R32 R in E:\电路设计\AD\MAX274\MAX274-S.SchDoc with R from IL.SchLib
Replace Part R33 R in E:\电路设计\AD\MAX274\MAX274-S.SchDoc with R from IL.SchLib
Replace Part R34 R in E:\电路设计\AD\MAX274\MAX274-S.SchDoc with R from IL.SchLib
Replace Part R41 R in E:\电路设计\AD\MAX274\MAX274-S.SchDoc with R from IL.SchLib
Replace Part R42 R in E:\电路设计\AD\MAX274\MAX274-S.SchDoc with R from IL.SchLib
Replace Part R43 R in E:\电路设计\AD\MAX274\MAX274-S.SchDoc with R from IL.SchLib
Replace Part R44 R in E:\电路设计\AD\MAX274\MAX274-S.SchDoc with R from IL.SchLib
Replace Part U1 MAX274AEWI+ in E:\电路设计\AD\MAX274\MAX274-S.SchDoc with MAX274AEWI+ from IL.SchLib
Replace Part U1 MAX274AEWI+ in E:\电路设计\AD\MAX274\MAX274-S.SchDoc with MAX274AEWI+ from IL.SchLib
Replace Part V1 78xx in E:\电路设计\AD\MAX274\MAX274-S.SchDoc with 78xx from IL.SchLib
Replace Part V2 79xx in E:\电路设计\AD\MAX274\MAX274-S.SchDoc with 79xx from IL.SchLib
