Added Component: Designator=C1(C0805)
Add component. Clean all parameters for all variants
Added Component: Designator=C1(C0805)
Add component. Clean all parameters for all variants
Added Component: Designator=C1(C0805)
Add component. Clean all parameters for all variants
Added Component: Designator=C2(C0805)
Add component. Clean all parameters for all variants
Added Component: Designator=C2(C0805)
Add component. Clean all parameters for all variants
Added Component: Designator=C2(C0805)
Add component. Clean all parameters for all variants
Added Component: Designator=C3(C0805)
Add component. Clean all parameters for all variants
Added Component: Designator=C3(C0805)
Add component. Clean all parameters for all variants
Added Component: Designator=C3(C0805)
Add component. Clean all parameters for all variants
Added Component: Designator=C4(C0805)
Add component. Clean all parameters for all variants
Added Component: Designator=C4(C0805)
Add component. Clean all parameters for all variants
Added Component: Designator=C4(C0805)
Add component. Clean all parameters for all variants
Added Component: Designator=C5(C0805)
Add component. Clean all parameters for all variants
Added Component: Designator=C5(C0805)
Add component. Clean all parameters for all variants
Added Component: Designator=C5(C0805)
Add component. Clean all parameters for all variants
Added Component: Designator=C6(C0805)
Add component. Clean all parameters for all variants
Added Component: Designator=C6(C0805)
Add component. Clean all parameters for all variants
Added Component: Designator=C6(C0805)
Add component. Clean all parameters for all variants
Added Component: Designator=C7(C0805)
Add component. Clean all parameters for all variants
Added Component: Designator=C7(C0805)
Add component. Clean all parameters for all variants
Added Component: Designator=C7(C0805)
Add component. Clean all parameters for all variants
Added Component: Designator=C8(C0805)
Add component. Clean all parameters for all variants
Added Component: Designator=C8(C0805)
Add component. Clean all parameters for all variants
Added Component: Designator=C8(C0805)
Add component. Clean all parameters for all variants
Added Component: Designator=C10(C0805)
Add component. Clean all parameters for all variants
Added Component: Designator=C10(C0805)
Add component. Clean all parameters for all variants
Added Component: Designator=C10(C0805)
Add component. Clean all parameters for all variants
Added Component: Designator=C12(C0805)
Add component. Clean all parameters for all variants
Added Component: Designator=C12(C0805)
Add component. Clean all parameters for all variants
Added Component: Designator=C12(C0805)
Add component. Clean all parameters for all variants
Added Component: Designator=C13(C0805)
Add component. Clean all parameters for all variants
Added Component: Designator=C13(C0805)
Add component. Clean all parameters for all variants
Added Component: Designator=C13(C0805)
Add component. Clean all parameters for all variants
Added Component: Designator=C14(C0805)
Add component. Clean all parameters for all variants
Added Component: Designator=C14(C0805)
Add component. Clean all parameters for all variants
Added Component: Designator=C14(C0805)
Add component. Clean all parameters for all variants
Added Component: Designator=C15(C0805)
Add component. Clean all parameters for all variants
Added Component: Designator=C15(C0805)
Add component. Clean all parameters for all variants
Added Component: Designator=C15(C0805)
Add component. Clean all parameters for all variants
Added Component: Designator=C16(C0805)
Add component. Clean all parameters for all variants
Added Component: Designator=C16(C0805)
Add component. Clean all parameters for all variants
Added Component: Designator=C16(C0805)
Add component. Clean all parameters for all variants
Added Component: Designator=C17(C0805)
Add component. Clean all parameters for all variants
Added Component: Designator=C17(C0805)
Add component. Clean all parameters for all variants
Added Component: Designator=C17(C0805)
Add component. Clean all parameters for all variants
Added Component: Designator=C18(C0805)
Add component. Clean all parameters for all variants
Added Component: Designator=C18(C0805)
Add component. Clean all parameters for all variants
Added Component: Designator=C18(C0805)
Add component. Clean all parameters for all variants
Added Component: Designator=C19(C0805)
Add component. Clean all parameters for all variants
Added Component: Designator=C19(C0805)
Add component. Clean all parameters for all variants
Added Component: Designator=C19(C0805)
Add component. Clean all parameters for all variants
Added Component: Designator=C20(C0805)
Add component. Clean all parameters for all variants
Added Component: Designator=C20(C0805)
Add component. Clean all parameters for all variants
Added Component: Designator=C20(C0805)
Add component. Clean all parameters for all variants
Added Component: Designator=C21(C0805)
Add component. Clean all parameters for all variants
Added Component: Designator=C21(C0805)
Add component. Clean all parameters for all variants
Added Component: Designator=C21(C0805)
Add component. Clean all parameters for all variants
Added Component: Designator=C22(C0805)
Add component. Clean all parameters for all variants
Added Component: Designator=C22(C0805)
Add component. Clean all parameters for all variants
Added Component: Designator=C22(C0805)
Add component. Clean all parameters for all variants
Added Component: Designator=C23(C0805)
Add component. Clean all parameters for all variants
Added Component: Designator=C23(C0805)
Add component. Clean all parameters for all variants
Added Component: Designator=C23(C0805)
Add component. Clean all parameters for all variants
Added Component: Designator=C24(C0805)
Add component. Clean all parameters for all variants
Added Component: Designator=C24(C0805)
Add component. Clean all parameters for all variants
Added Component: Designator=C24(C0805)
Add component. Clean all parameters for all variants
Added Component: Designator=C25(C0805)
Add component. Clean all parameters for all variants
Added Component: Designator=C25(C0805)
Add component. Clean all parameters for all variants
Added Component: Designator=C25(C0805)
Add component. Clean all parameters for all variants
Added Component: Designator=C26(C0805)
Add component. Clean all parameters for all variants
Added Component: Designator=C26(C0805)
Add component. Clean all parameters for all variants
Added Component: Designator=C26(C0805)
Add component. Clean all parameters for all variants
Added Component: Designator=C27(C0805)
Add component. Clean all parameters for all variants
Added Component: Designator=C27(C0805)
Add component. Clean all parameters for all variants
Added Component: Designator=C27(C0805)
Add component. Clean all parameters for all variants
Added Component: Designator=C28(C0805)
Add component. Clean all parameters for all variants
Added Component: Designator=C28(C0805)
Add component. Clean all parameters for all variants
Added Component: Designator=C28(C0805)
Add component. Clean all parameters for all variants
Added Pin To Net: NetName=3V3 Pin=C12-1
Added Pin To Net: NetName=3V3 Pin=C12-1
Added Pin To Net: NetName=3V3 Pin=C12-1
Added Pin To Net: NetName=3V3 Pin=C13-2
Added Pin To Net: NetName=3V3 Pin=C13-2
Added Pin To Net: NetName=3V3 Pin=C13-2
Added Pin To Net: NetName=3V3 Pin=C16-1
Added Pin To Net: NetName=3V3 Pin=C16-1
Added Pin To Net: NetName=3V3 Pin=C16-1
Added Pin To Net: NetName=3V3 Pin=C19-1
Added Pin To Net: NetName=3V3 Pin=C19-1
Added Pin To Net: NetName=3V3 Pin=C19-1
Added Pin To Net: NetName=3V3 Pin=C20-2
Added Pin To Net: NetName=3V3 Pin=C20-2
Added Pin To Net: NetName=3V3 Pin=C20-2
Added Pin To Net: NetName=3V3 Pin=C21-2
Added Pin To Net: NetName=3V3 Pin=C21-2
Added Pin To Net: NetName=3V3 Pin=C21-2
Added Pin To Net: NetName=3V3 Pin=C22-1
Added Pin To Net: NetName=3V3 Pin=C22-1
Added Pin To Net: NetName=3V3 Pin=C22-1
Added Pin To Net: NetName=3V3 Pin=C23-1
Added Pin To Net: NetName=3V3 Pin=C23-1
Added Pin To Net: NetName=3V3 Pin=C23-1
Added Pin To Net: NetName=3V3 Pin=C24-1
Added Pin To Net: NetName=3V3 Pin=C24-1
Added Pin To Net: NetName=3V3 Pin=C24-1
Added Pin To Net: NetName=3V3 Pin=C25-1
Added Pin To Net: NetName=3V3 Pin=C25-1
Added Pin To Net: NetName=3V3 Pin=C25-1
Added Pin To Net: NetName=3V3 Pin=C26-2
Added Pin To Net: NetName=3V3 Pin=C26-2
Added Pin To Net: NetName=3V3 Pin=C26-2
Added Pin To Net: NetName=3V3 Pin=C27-1
Added Pin To Net: NetName=3V3 Pin=C27-1
Added Pin To Net: NetName=3V3 Pin=C27-1
Added Pin To Net: NetName=3V3 Pin=C28-1
Added Pin To Net: NetName=3V3 Pin=C28-1
Added Pin To Net: NetName=3V3 Pin=C28-1
Added Net: Name=3V3
Added Pin To Net: NetName=5V Pin=C10-1
Added Pin To Net: NetName=5V Pin=C10-1
Added Pin To Net: NetName=5V Pin=C10-1
Added Net: Name=5V
Added Net: Name=AT_SCL
Added Net: Name=AT_SDA
Added Net: Name=A
Added Net: Name=BEEP
Added Net: Name=BOOT0
Added Net: Name=BOOT1
Added Net: Name=B
Added Net: Name=CANRXD
Added Net: Name=CANTXD
Added Net: Name=CH340_BOOT0
Added Net: Name=CH340_RESET
Added Net: Name=CH340_RXD
Added Net: Name=CH340_TXD
Added Pin To Net: NetName=CH340_XI Pin=C6-2
Added Pin To Net: NetName=CH340_XI Pin=C6-2
Added Pin To Net: NetName=CH340_XI Pin=C6-2
Added Net: Name=CH340_XI
Added Pin To Net: NetName=CH340_XO Pin=C7-2
Added Pin To Net: NetName=CH340_XO Pin=C7-2
Added Pin To Net: NetName=CH340_XO Pin=C7-2
Added Net: Name=CH340_XO
Added Net: Name=C
Added Net: Name=D+
Added Net: Name=D-
Added Net: Name=DAT2
Added Net: Name=DP
Added Net: Name=D
Added Net: Name=E
Added Net: Name=F
Added Pin To Net: NetName=GND Pin=C1-1
Added Pin To Net: NetName=GND Pin=C1-1
Added Pin To Net: NetName=GND Pin=C1-1
Added Pin To Net: NetName=GND Pin=C2-2
Added Pin To Net: NetName=GND Pin=C2-2
Added Pin To Net: NetName=GND Pin=C2-2
Added Pin To Net: NetName=GND Pin=C3-2
Added Pin To Net: NetName=GND Pin=C3-2
Added Pin To Net: NetName=GND Pin=C3-2
Added Pin To Net: NetName=GND Pin=C4-2
Added Pin To Net: NetName=GND Pin=C4-2
Added Pin To Net: NetName=GND Pin=C4-2
Added Pin To Net: NetName=GND Pin=C5-2
Added Pin To Net: NetName=GND Pin=C5-2
Added Pin To Net: NetName=GND Pin=C5-2
Added Pin To Net: NetName=GND Pin=C6-1
Added Pin To Net: NetName=GND Pin=C6-1
Added Pin To Net: NetName=GND Pin=C6-1
Added Pin To Net: NetName=GND Pin=C7-1
Added Pin To Net: NetName=GND Pin=C7-1
Added Pin To Net: NetName=GND Pin=C7-1
Added Pin To Net: NetName=GND Pin=C8-1
Added Pin To Net: NetName=GND Pin=C8-1
Added Pin To Net: NetName=GND Pin=C8-1
Added Pin To Net: NetName=GND Pin=C10-2
Added Pin To Net: NetName=GND Pin=C10-2
Added Pin To Net: NetName=GND Pin=C10-2
Added Pin To Net: NetName=GND Pin=C12-2
Added Pin To Net: NetName=GND Pin=C12-2
Added Pin To Net: NetName=GND Pin=C12-2
Added Pin To Net: NetName=GND Pin=C13-1
Added Pin To Net: NetName=GND Pin=C13-1
Added Pin To Net: NetName=GND Pin=C13-1
Added Pin To Net: NetName=GND Pin=C16-2
Added Pin To Net: NetName=GND Pin=C16-2
Added Pin To Net: NetName=GND Pin=C16-2
Added Pin To Net: NetName=GND Pin=C17-2
Added Pin To Net: NetName=GND Pin=C17-2
Added Pin To Net: NetName=GND Pin=C17-2
Added Pin To Net: NetName=GND Pin=C18-2
Added Pin To Net: NetName=GND Pin=C18-2
Added Pin To Net: NetName=GND Pin=C18-2
Added Pin To Net: NetName=GND Pin=C19-2
Added Pin To Net: NetName=GND Pin=C19-2
Added Pin To Net: NetName=GND Pin=C19-2
Added Pin To Net: NetName=GND Pin=C20-1
Added Pin To Net: NetName=GND Pin=C20-1
Added Pin To Net: NetName=GND Pin=C20-1
Added Pin To Net: NetName=GND Pin=C21-1
Added Pin To Net: NetName=GND Pin=C21-1
Added Pin To Net: NetName=GND Pin=C21-1
Added Pin To Net: NetName=GND Pin=C22-2
Added Pin To Net: NetName=GND Pin=C22-2
Added Pin To Net: NetName=GND Pin=C22-2
Added Pin To Net: NetName=GND Pin=C23-2
Added Pin To Net: NetName=GND Pin=C23-2
Added Pin To Net: NetName=GND Pin=C23-2
Added Pin To Net: NetName=GND Pin=C24-2
Added Pin To Net: NetName=GND Pin=C24-2
Added Pin To Net: NetName=GND Pin=C24-2
Added Pin To Net: NetName=GND Pin=C25-2
Added Pin To Net: NetName=GND Pin=C25-2
Added Pin To Net: NetName=GND Pin=C25-2
Added Pin To Net: NetName=GND Pin=C26-1
Added Pin To Net: NetName=GND Pin=C26-1
Added Pin To Net: NetName=GND Pin=C26-1
Added Pin To Net: NetName=GND Pin=C27-2
Added Pin To Net: NetName=GND Pin=C27-2
Added Pin To Net: NetName=GND Pin=C27-2
Added Pin To Net: NetName=GND Pin=C28-2
Added Pin To Net: NetName=GND Pin=C28-2
Added Pin To Net: NetName=GND Pin=C28-2
Added Net: Name=GND
Added Net: Name=G
Added Net: Name=HC_CLK
Added Net: Name=HC_DAT
Added Net: Name=HC_RCK
Added Net: Name=I2C1_SCL
Added Net: Name=I2C1_SDA
Added Net: Name=JTCK
Added Net: Name=JTDI
Added Net: Name=JTDO
Added Net: Name=JTMS
Added Net: Name=JTRST
Added Pin To Net: NetName=KEY1 Pin=C1-2
Added Pin To Net: NetName=KEY1 Pin=C1-2
Added Pin To Net: NetName=KEY1 Pin=C1-2
Added Net: Name=KEY1
Added Net: Name=LCD_BL
Added Net: Name=LCD_CS
Added Net: Name=LCD_DB10
Added Net: Name=LCD_DB13
Added Net: Name=LCD_DB14
Added Net: Name=LCD_DB15
Added Net: Name=LCD_RD
Added Net: Name=LCD_SCK
Added Net: Name=LCD_WR
Added Net: Name=LED1
Added Net: Name=LED2
Added Net: Name=LED3
Added Net: Name=LED4
Added Net: Name=NetB1_1
Added Net: Name=NetBEEP1_2
Added Pin To Net: NetName=NetC14_1 Pin=C14-1
Added Net: Name=NetC14_1
Added Pin To Net: NetName=NetC14_2 Pin=C14-2
Added Net: Name=NetC14_2
Added Pin To Net: NetName=NetC15_1 Pin=C15-1
Added Net: Name=NetC15_1
Added Pin To Net: NetName=NetC15_2 Pin=C15-2
Added Net: Name=NetC15_2
Added Pin To Net: NetName=NetC17_1 Pin=C17-1
Added Net: Name=NetC17_1
Added Pin To Net: NetName=NetC18_1 Pin=C18-1
Added Net: Name=NetC18_1
Added Net: Name=NetDB1_2
Added Net: Name=NetDB1_3
Added Net: Name=NetH1_1
Added Net: Name=NetH2_1
Added Net: Name=NetH2_2
Added Net: Name=NetH3_1
Added Net: Name=NetH3_2
Added Net: Name=NetH4_1
Added Net: Name=NetH4_2
Added Net: Name=NetH5_1
Added Net: Name=NetH5_2
Added Net: Name=NetJP1_2
Added Net: Name=NetJP2_2
Added Net: Name=NetJP8_1
Added Net: Name=NetJP8_2
Added Net: Name=NetJP8_3
Added Net: Name=NetJP10_1
Added Net: Name=NetJP10_2
Added Net: Name=NetJP15_1
Added Net: Name=NetR6_2
Added Net: Name=NetR10_1
Added Net: Name=NetR10_2
Added Net: Name=NetR16_1
Added Net: Name=NetR17_1
Added Net: Name=NetR21_2
Added Net: Name=NetR22_2
Added Net: Name=NetR23_1
Added Net: Name=NetR24_1
Added Net: Name=NetR25_1
Added Net: Name=NetR26_1
Added Net: Name=NetR27_2
Added Net: Name=NetR28_2
Added Net: Name=NetR29_2
Added Net: Name=NetR30_2
Added Net: Name=NetU2_5
Added Net: Name=NetU2_6
Added Net: Name=NetU5_6
Added Net: Name=NetU5_7
Added Net: Name=NRF_CE
Added Net: Name=NRF_CS
Added Net: Name=NRF_IRQ
Added Pin To Net: NetName=OSC32_IN Pin=C3-1
Added Pin To Net: NetName=OSC32_IN Pin=C3-1
Added Pin To Net: NetName=OSC32_IN Pin=C3-1
Added Net: Name=OSC32_IN
Added Pin To Net: NetName=OSC32_OUT Pin=C2-1
Added Pin To Net: NetName=OSC32_OUT Pin=C2-1
Added Pin To Net: NetName=OSC32_OUT Pin=C2-1
Added Net: Name=OSC32_OUT
Added Pin To Net: NetName=OSC_IN Pin=C5-1
Added Pin To Net: NetName=OSC_IN Pin=C5-1
Added Pin To Net: NetName=OSC_IN Pin=C5-1
Added Net: Name=OSC_IN
Added Pin To Net: NetName=OSC_OUT Pin=C4-1
Added Pin To Net: NetName=OSC_OUT Pin=C4-1
Added Pin To Net: NetName=OSC_OUT Pin=C4-1
Added Net: Name=OSC_OUT
Added Net: Name=OUT1
Added Net: Name=OUT2
Added Net: Name=OUT3
Added Net: Name=OUT4
Added Net: Name=PA8
Added Net: Name=PA9
Added Net: Name=PB0
Added Net: Name=PB13
Added Net: Name=PB14
Added Net: Name=PB15
Added Net: Name=R2OUT
Added Net: Name=S1
Added Net: Name=S2
Added Net: Name=S3
Added Net: Name=S4
Added Net: Name=SP_CS
Added Net: Name=SP_MISO
Added Net: Name=SP_MOSI
Added Net: Name=SP_SCK
Added Net: Name=T2IN
Added Pin To Net: NetName=VBAT Pin=C8-2
Added Pin To Net: NetName=VBAT Pin=C8-2
Added Pin To Net: NetName=VBAT Pin=C8-2
Added Net: Name=VBAT
Added Net: Name=VUSB
Added Class: Name=STM32F103-V1.0
