Added Pin To Net: NetName=+5 Pin=V1-2
Added Member To Class: ClassName=Sheet Member=Component C1 Cap-S
Added Member To Class: ClassName=Sheet Member=Component C2 Cap-S
Added Member To Class: ClassName=Sheet Member=Component C4 Cap-S
Added Member To Class: ClassName=Sheet Member=Component C5 Cap-S
Added Member To Class: ClassName=Sheet Member=Component C6 Cap-S
Added Member To Class: ClassName=Sheet Member=Component C7 Cap-S
Added Member To Class: ClassName=Sheet Member=Component C8 Cap-S
Added Member To Class: ClassName=Sheet Member=Component C9 Cap-S
Added Member To Class: ClassName=Sheet Member=Component C10 Cap-S
Added Member To Class: ClassName=Sheet Member=Component JP6 HDR-1X2
Added Member To Class: ClassName=Sheet Member=Component R5 R
Added Member To Class: ClassName=Sheet Member=Component R6 R
Added Member To Class: ClassName=Sheet Member=Component R7 R
Added Member To Class: ClassName=Sheet Member=Component R9 R
Added Member To Class: ClassName=Sheet Member=Component R10 R
Added Member To Class: ClassName=Sheet Member=Component R11 R
Added Member To Class: ClassName=Sheet Member=Component R13 R
Added Member To Class: ClassName=Sheet Member=Component R15 R
Added Member To Class: ClassName=Sheet Member=Component R16 R
Added Member To Class: ClassName=Sheet Member=Component R17 R
Added Member To Class: ClassName=Sheet Member=Component R18 R
Added Member To Class: ClassName=Sheet Member=Component R19 R
Added Member To Class: ClassName=Sheet Member=Component R23 R
Added Member To Class: ClassName=Sheet Member=Component R25 R
Added Member To Class: ClassName=Sheet Member=Component R26 R
Added Member To Class: ClassName=Sheet Member=Component R27 R
Added Member To Class: ClassName=Sheet Member=Component R28 R
Added Member To Class: ClassName=Sheet Member=Component R29 R
Added Member To Class: ClassName=Sheet Member=Component U1 79M05
Added Member To Class: ClassName=Sheet Member=Component U2 OPA
